steam.sh[349396]: Running Steam on arch rolling 64-bit
steam.sh[349396]: STEAM_RUNTIME is enabled automatically
setup.sh[349472]: Steam runtime environment up-to-date!
steam.sh[349396]: Steam client's requirements are satisfied
08/24 23:54:16 Init: Installing breakpad exception handler for appid(steam)/version(1692824614)/tid(349532)
steamwebhelper.sh[349550]: Runtime for steamwebhelper: defaulting to /home/dario/.local/share/Steam/ubuntu12_64/steam-runtime-heavy
steamwebhelper.sh[349550]: glibc >= 2.34, partially disabling sandbox until CEF supports clone3()
CAppInfoCacheReadFromDiskThread took 63 milliseconds to initialize
Steam Runtime Launch Service: starting steam-runtime-launcher-service
Steam Runtime Launch Service: steam-runtime-launcher-service is running pid 349637
sh: 1: xdg-user-dir: not found
sh: 1: xdg-user-dir: not found
sh: 1: xdg-user-dir: not found
sh: 1: xdg-user-dir: not found
sh: 1: xdg-user-dir: not found
BRefreshApplicationsInLibrary 1: 1ms
sh: 1: xdg-user-dir: not found
sh: 1: xdg-user-dir: not found
sh: 1: xdg-user-dir: not found
sh: 1: xdg-user-dir: not found
BuildCompleteAppOverviewChange: 376 apps
RegisterForAppOverview 1: 26ms
RegisterForAppOverview 2: 26ms
sh: 1: xdg-user-dir: not found
sh: 1: xdg-user-dir: not found
sh: 1: xdg-user-dir: not found
sh: 1: xdg-user-dir: not found
sh: 1: xdg-user-dir: not found
fsync: up and running.
wine: Using setpriority to control niceness in the [-10,10] range
sh: 1: xdg-user-dir: not found
sh: 1: xdg-user-dir: not found
sh: 1: xdg-user-dir: not found

(wine:351492): GStreamer-WARNING **: 23:55:08.010: Failed to load plugin '/home/dario/.local/share/Steam/steamapps/common/Proton - Experimental/files/lib64/gstreamer-1.0/libgstadder.so': /home/dario/.local/share/Steam/steamapps/common/Proton - Experimental/files/lib64/gstreamer-1.0/libgstadder.so: wrong ELF class: ELFCLASS64

(wine:351492): GStreamer-WARNING **: 23:55:08.010: Failed to load plugin '/home/dario/.local/share/Steam/steamapps/common/Proton - Experimental/files/lib64/gstreamer-1.0/libgstapp.so': /home/dario/.local/share/Steam/steamapps/common/Proton - Experimental/files/lib64/gstreamer-1.0/libgstapp.so: wrong ELF class: ELFCLASS64

(wine:351492): GStreamer-WARNING **: 23:55:08.010: Failed to load plugin '/home/dario/.local/share/Steam/steamapps/common/Proton - Experimental/files/lib64/gstreamer-1.0/libgstaudioconvert.so': /home/dario/.local/share/Steam/steamapps/common/Proton - Experimental/files/lib64/gstreamer-1.0/libgstaudioconvert.so: wrong ELF class: ELFCLASS64

(wine:351492): GStreamer-WARNING **: 23:55:08.010: Failed to load plugin '/home/dario/.local/share/Steam/steamapps/common/Proton - Experimental/files/lib64/gstreamer-1.0/libgstaudioparsers.so': /home/dario/.local/share/Steam/steamapps/common/Proton - Experimental/files/lib64/gstreamer-1.0/libgstaudioparsers.so: wrong ELF class: ELFCLASS64

(wine:351492): GStreamer-WARNING **: 23:55:08.010: Failed to load plugin '/home/dario/.local/share/Steam/steamapps/common/Proton - Experimental/files/lib64/gstreamer-1.0/libgstaudioresample.so': /home/dario/.local/share/Steam/steamapps/common/Proton - Experimental/files/lib64/gstreamer-1.0/libgstaudioresample.so: wrong ELF class: ELFCLASS64

(wine:351492): GStreamer-WARNING **: 23:55:08.010: Failed to load plugin '/home/dario/.local/share/Steam/steamapps/common/Proton - Experimental/files/lib64/gstreamer-1.0/libgstautodetect.so': /home/dario/.local/share/Steam/steamapps/common/Proton - Experimental/files/lib64/gstreamer-1.0/libgstautodetect.so: wrong ELF class: ELFCLASS64

(wine:351492): GStreamer-WARNING **: 23:55:08.010: Failed to load plugin '/home/dario/.local/share/Steam/steamapps/common/Proton - Experimental/files/lib64/gstreamer-1.0/libgstavi.so': /home/dario/.local/share/Steam/steamapps/common/Proton - Experimental/files/lib64/gstreamer-1.0/libgstavi.so: wrong ELF class: ELFCLASS64

(wine:351492): GStreamer-WARNING **: 23:55:08.010: Failed to load plugin '/home/dario/.local/share/Steam/steamapps/common/Proton - Experimental/files/lib64/gstreamer-1.0/libgstcoreelements.so': /home/dario/.local/share/Steam/steamapps/common/Proton - Experimental/files/lib64/gstreamer-1.0/libgstcoreelements.so: wrong ELF class: ELFCLASS64

(wine:351492): GStreamer-WARNING **: 23:55:08.010: Failed to load plugin '/home/dario/.local/share/Steam/steamapps/common/Proton - Experimental/files/lib64/gstreamer-1.0/libgstcoretracers.so': /home/dario/.local/share/Steam/steamapps/common/Proton - Experimental/files/lib64/gstreamer-1.0/libgstcoretracers.so: wrong ELF class: ELFCLASS64

(wine:351492): GStreamer-WARNING **: 23:55:08.010: Failed to load plugin '/home/dario/.local/share/Steam/steamapps/common/Proton - Experimental/files/lib64/gstreamer-1.0/libgstdebug.so': /home/dario/.local/share/Steam/steamapps/common/Proton - Experimental/files/lib64/gstreamer-1.0/libgstdebug.so: wrong ELF class: ELFCLASS64

(wine:351492): GStreamer-WARNING **: 23:55:08.010: Failed to load plugin '/home/dario/.local/share/Steam/steamapps/common/Proton - Experimental/files/lib64/gstreamer-1.0/libgstdeinterlace.so': /home/dario/.local/share/Steam/steamapps/common/Proton - Experimental/files/lib64/gstreamer-1.0/libgstdeinterlace.so: wrong ELF class: ELFCLASS64

(wine:351492): GStreamer-WARNING **: 23:55:08.010: Failed to load plugin '/home/dario/.local/share/Steam/steamapps/common/Proton - Experimental/files/lib64/gstreamer-1.0/libgstid3demux.so': /home/dario/.local/share/Steam/steamapps/common/Proton - Experimental/files/lib64/gstreamer-1.0/libgstid3demux.so: wrong ELF class: ELFCLASS64

(wine:351492): GStreamer-WARNING **: 23:55:08.011: Failed to load plugin '/home/dario/.local/share/Steam/steamapps/common/Proton - Experimental/files/lib64/gstreamer-1.0/libgstisomp4.so': /home/dario/.local/share/Steam/steamapps/common/Proton - Experimental/files/lib64/gstreamer-1.0/libgstisomp4.so: wrong ELF class: ELFCLASS64

(wine:351492): GStreamer-WARNING **: 23:55:08.011: Failed to load plugin '/home/dario/.local/share/Steam/steamapps/common/Proton - Experimental/files/lib64/gstreamer-1.0/libgstlibav.so': /home/dario/.local/share/Steam/steamapps/common/Proton - Experimental/files/lib64/gstreamer-1.0/libgstlibav.so: wrong ELF class: ELFCLASS64

(wine:351492): GStreamer-WARNING **: 23:55:08.011: Failed to load plugin '/home/dario/.local/share/Steam/steamapps/common/Proton - Experimental/files/lib64/gstreamer-1.0/libgstmatroska.so': /home/dario/.local/share/Steam/steamapps/common/Proton - Experimental/files/lib64/gstreamer-1.0/libgstmatroska.so: wrong ELF class: ELFCLASS64

(wine:351492): GStreamer-WARNING **: 23:55:08.011: Failed to load plugin '/home/dario/.local/share/Steam/steamapps/common/Proton - Experimental/files/lib64/gstreamer-1.0/libgstmpg123.so': /home/dario/.local/share/Steam/steamapps/common/Proton - Experimental/files/lib64/gstreamer-1.0/libgstmpg123.so: wrong ELF class: ELFCLASS64

(wine:351492): GStreamer-WARNING **: 23:55:08.011: Failed to load plugin '/home/dario/.local/share/Steam/steamapps/common/Proton - Experimental/files/lib64/gstreamer-1.0/libgstnavigationtest.so': /home/dario/.local/share/Steam/steamapps/common/Proton - Experimental/files/lib64/gstreamer-1.0/libgstnavigationtest.so: wrong ELF class: ELFCLASS64

(wine:351492): GStreamer-WARNING **: 23:55:08.011: Failed to load plugin '/home/dario/.local/share/Steam/steamapps/common/Proton - Experimental/files/lib64/gstreamer-1.0/libgstogg.so': /home/dario/.local/share/Steam/steamapps/common/Proton - Experimental/files/lib64/gstreamer-1.0/libgstogg.so: wrong ELF class: ELFCLASS64

(wine:351492): GStreamer-WARNING **: 23:55:08.011: Failed to load plugin '/home/dario/.local/share/Steam/steamapps/common/Proton - Experimental/files/lib64/gstreamer-1.0/libgstopengl.so': /home/dario/.local/share/Steam/steamapps/common/Proton - Experimental/files/lib64/gstreamer-1.0/libgstopengl.so: wrong ELF class: ELFCLASS64

(wine:351492): GStreamer-WARNING **: 23:55:08.011: Failed to load plugin '/home/dario/.local/share/Steam/steamapps/common/Proton - Experimental/files/lib64/gstreamer-1.0/libgstopus.so': /home/dario/.local/share/Steam/steamapps/common/Proton - Experimental/files/lib64/gstreamer-1.0/libgstopus.so: wrong ELF class: ELFCLASS64

(wine:351492): GStreamer-WARNING **: 23:55:08.011: Failed to load plugin '/home/dario/.local/share/Steam/steamapps/common/Proton - Experimental/files/lib64/gstreamer-1.0/libgstpbtypes.so': /home/dario/.local/share/Steam/steamapps/common/Proton - Experimental/files/lib64/gstreamer-1.0/libgstpbtypes.so: wrong ELF class: ELFCLASS64

(wine:351492): GStreamer-WARNING **: 23:55:08.011: Failed to load plugin '/home/dario/.local/share/Steam/steamapps/common/Proton - Experimental/files/lib64/gstreamer-1.0/libgstplayback.so': /home/dario/.local/share/Steam/steamapps/common/Proton - Experimental/files/lib64/gstreamer-1.0/libgstplayback.so: wrong ELF class: ELFCLASS64

(wine:351492): GStreamer-WARNING **: 23:55:08.011: Failed to load plugin '/home/dario/.local/share/Steam/steamapps/common/Proton - Experimental/files/lib64/gstreamer-1.0/libgstsoup.so': /home/dario/.local/share/Steam/steamapps/common/Proton - Experimental/files/lib64/gstreamer-1.0/libgstsoup.so: wrong ELF class: ELFCLASS64

(wine:351492): GStreamer-WARNING **: 23:55:08.011: Failed to load plugin '/home/dario/.local/share/Steam/steamapps/common/Proton - Experimental/files/lib64/gstreamer-1.0/libgsttheora.so': /home/dario/.local/share/Steam/steamapps/common/Proton - Experimental/files/lib64/gstreamer-1.0/libgsttheora.so: wrong ELF class: ELFCLASS64

(wine:351492): GStreamer-WARNING **: 23:55:08.011: Failed to load plugin '/home/dario/.local/share/Steam/steamapps/common/Proton - Experimental/files/lib64/gstreamer-1.0/libgsttypefindfunctions.so': /home/dario/.local/share/Steam/steamapps/common/Proton - Experimental/files/lib64/gstreamer-1.0/libgsttypefindfunctions.so: wrong ELF class: ELFCLASS64

(wine:351492): GStreamer-WARNING **: 23:55:08.011: Failed to load plugin '/home/dario/.local/share/Steam/steamapps/common/Proton - Experimental/files/lib64/gstreamer-1.0/libgstvideobox.so': /home/dario/.local/share/Steam/steamapps/common/Proton - Experimental/files/lib64/gstreamer-1.0/libgstvideobox.so: wrong ELF class: ELFCLASS64

(wine:351492): GStreamer-WARNING **: 23:55:08.011: Failed to load plugin '/home/dario/.local/share/Steam/steamapps/common/Proton - Experimental/files/lib64/gstreamer-1.0/libgstvideoconvert.so': /home/dario/.local/share/Steam/steamapps/common/Proton - Experimental/files/lib64/gstreamer-1.0/libgstvideoconvert.so: wrong ELF class: ELFCLASS64

(wine:351492): GStreamer-WARNING **: 23:55:08.012: Failed to load plugin '/home/dario/.local/share/Steam/steamapps/common/Proton - Experimental/files/lib64/gstreamer-1.0/libgstvideofilter.so': /home/dario/.local/share/Steam/steamapps/common/Proton - Experimental/files/lib64/gstreamer-1.0/libgstvideofilter.so: wrong ELF class: ELFCLASS64

(wine:351492): GStreamer-WARNING **: 23:55:08.012: Failed to load plugin '/home/dario/.local/share/Steam/steamapps/common/Proton - Experimental/files/lib64/gstreamer-1.0/libgstvideoscale.so': /home/dario/.local/share/Steam/steamapps/common/Proton - Experimental/files/lib64/gstreamer-1.0/libgstvideoscale.so: wrong ELF class: ELFCLASS64

(wine:351492): GStreamer-WARNING **: 23:55:08.012: Failed to load plugin '/home/dario/.local/share/Steam/steamapps/common/Proton - Experimental/files/lib64/gstreamer-1.0/libgstvorbis.so': /home/dario/.local/share/Steam/steamapps/common/Proton - Experimental/files/lib64/gstreamer-1.0/libgstvorbis.so: wrong ELF class: ELFCLASS64

(wine:351492): GStreamer-WARNING **: 23:55:08.012: Failed to load plugin '/home/dario/.local/share/Steam/steamapps/common/Proton - Experimental/files/lib64/gstreamer-1.0/libgstvpx.so': /home/dario/.local/share/Steam/steamapps/common/Proton - Experimental/files/lib64/gstreamer-1.0/libgstvpx.so: wrong ELF class: ELFCLASS64

(wine:351492): GStreamer-WARNING **: 23:55:08.012: Failed to load plugin '/home/dario/.local/share/Steam/steamapps/common/Proton - Experimental/files/lib64/gstreamer-1.0/libgstwavparse.so': /home/dario/.local/share/Steam/steamapps/common/Proton - Experimental/files/lib64/gstreamer-1.0/libgstwavparse.so: wrong ELF class: ELFCLASS64

(wine:351492): GStreamer-WARNING **: 23:55:08.012: Failed to load plugin '/home/dario/.local/share/Steam/steamapps/common/Proton - Experimental/files/lib64/gstreamer-1.0/libgstximagesink.so': /home/dario/.local/share/Steam/steamapps/common/Proton - Experimental/files/lib64/gstreamer-1.0/libgstximagesink.so: wrong ELF class: ELFCLASS64

(wine:351492): GStreamer-WARNING **: 23:55:08.012: Failed to load plugin '/home/dario/.local/share/Steam/steamapps/common/Proton - Experimental/files/lib64/gstreamer-1.0/libgstrsdav1d.so': /home/dario/.local/share/Steam/steamapps/common/Proton - Experimental/files/lib64/gstreamer-1.0/libgstrsdav1d.so: wrong ELF class: ELFCLASS64

(wine:351492): GStreamer-WARNING **: 23:55:08.012: Failed to load plugin '/home/dario/.local/share/Steam/steamapps/common/Proton - Experimental/files/lib64/gstreamer-1.0/libprotonmediaconverter.so': /home/dario/.local/share/Steam/steamapps/common/Proton - Experimental/files/lib64/gstreamer-1.0/libprotonmediaconverter.so: wrong ELF class: ELFCLASS64
wine: configuration in L"/mnt/Barracuda/SteamLibrary/steamapps/compatdata/252950/pfx" has been updated.
sh: 1: xdg-user-dir: not found
sh: 1: xdg-user-dir: not found
Fossilize INFO: Setting autogroup scheduling.
/bin/sh\0-c\0/home/dario/.local/share/Steam/ubuntu12_32/reaper SteamLaunch AppId=252950 -- /home/dario/.local/share/Steam/ubuntu12_32/steam-launch-wrapper -- '/home/dario/.local/share/Steam/steamapps/common/SteamLinuxRuntime_sniper'/_v2-entry-point --verb=waitforexitandrun -- '/home/dario/.local/share/Steam/steamapps/common/Proton - Experimental'/proton waitforexitandrun  '/mnt/Barracuda/SteamLibrary/steamapps/common/rocketleague/Binaries/Win64/RocketLeague.exe'\0
ERROR: ld.so: object '/home/dario/.local/share/Steam/ubuntu12_32/gameoverlayrenderer.so' from LD_PRELOAD cannot be preloaded (wrong ELF class: ELFCLASS32): ignored.
ERROR: ld.so: object '/home/dario/.local/share/Steam/ubuntu12_64/gameoverlayrenderer.so' from LD_PRELOAD cannot be preloaded (wrong ELF class: ELFCLASS64): ignored.
ERROR: ld.so: object '/home/dario/.local/share/Steam/ubuntu12_32/gameoverlayrenderer.so' from LD_PRELOAD cannot be preloaded (wrong ELF class: ELFCLASS32): ignored.
ERROR: ld.so: object '/home/dario/.local/share/Steam/ubuntu12_32/gameoverlayrenderer.so' from LD_PRELOAD cannot be preloaded (wrong ELF class: ELFCLASS32): ignored.
ERROR: ld.so: object '/home/dario/.local/share/Steam/ubuntu12_32/gameoverlayrenderer.so' from LD_PRELOAD cannot be preloaded (wrong ELF class: ELFCLASS32): ignored.
sh: 1: xdg-user-dir: not found
fsync: up and running.
wine: Using setpriority to control niceness in the [-10,10] range
Setting breakpad minidump AppID = 252950
Steam_SetMinidumpSteamID:  Caching Steam ID:  76561198210881617 [API loaded no]
sh: 1: xdg-user-dir: not found
sh: 1: xdg-user-dir: not found
CAppInfoCacheReadFromDiskThread took 18 milliseconds to initialize
sh: 1: xdg-user-dir: not found
Fossilize INFO: Overriding serialization path: "/mnt/Barracuda/SteamLibrary/steamapps/shadercache/252950/fozpipelinesv6/steamapprun_pipeline_cache".
Fossilize INFO: Overriding serialization path: "/mnt/Barracuda/SteamLibrary/steamapps/shadercache/252950/fozpipelinesv6/steamapprun_pipeline_cache".
08/24 23:56:36 Init: Installing breakpad exception handler for appid(gameoverlayui)/version(20230823202201)/tid(352950)
08/24 23:56:36 Init: Installing breakpad exception handler for appid(gameoverlayui)/version(1.0)/tid(352950)
Setting breakpad minidump AppID = 252950
Steam_SetMinidumpSteamID:  Caching Steam ID:  76561198210881617 [API loaded no]
pid 351791 != 351790, skipping destruction (fork without exec?)
Game 252950 created interface STEAMAPPLIST_INTERFACE_VERSION001 / AppList
Game 252950 created interface STEAMAPPS_INTERFACE_VERSION008 / Apps
Game 252950 created interface STEAMAPPTICKET_INTERFACE_VERSION001 / 
Game 252950 created interface STEAMHTMLSURFACE_INTERFACE_VERSION_004 / HTMLSurface
Game 252950 created interface STEAMHTTP_INTERFACE_VERSION002 / HTTP
Game 252950 created interface STEAMINVENTORY_INTERFACE_V002 / Inventory
Game 252950 created interface STEAMMUSICREMOTE_INTERFACE_VERSION001 / MusicRemote
Game 252950 created interface STEAMMUSIC_INTERFACE_VERSION001 / Music
Game 252950 created interface STEAMPARENTALSETTINGS_INTERFACE_VERSION001 / ParentalSettings
Game 252950 created interface STEAMREMOTESTORAGE_INTERFACE_VERSION014 / RemoteStorage
Game 252950 created interface STEAMSCREENSHOTS_INTERFACE_VERSION003 / Screenshots
Game 252950 created interface STEAMUGC_INTERFACE_VERSION010 / UGC
Game 252950 created interface STEAMUSERSTATS_INTERFACE_VERSION011 / UserStats
Game 252950 created interface STEAMVIDEO_INTERFACE_V002 / Video
Game 252950 created interface SteamController006 / Controller
Game 252950 created interface SteamFriends015 / Friends
Game 252950 created interface SteamMatchMaking009 / Matchmaking
Game 252950 created interface SteamMatchMakingServers002 / MatchmakingServers
Game 252950 created interface SteamNetworking005 / Networking
Game 252950 created interface SteamUser017 / User
Game 252950 created interface SteamUser019 / User
Game 252950 created interface SteamUtils007 / Utils
Game 252950 created interface SteamUtils009 / Utils
Game 252950 method call count for IClientControllerSerialized::GetAnalogActionHandle : 14
Game 252950 method call count for IClientControllerSerialized::GetDigitalActionHandle : 113
Game 252950 method call count for IClientControllerSerialized::GetActionSetHandle : 5
Game 252950 method call count for IClientRemoteStorage::GetQuota : 1
Game 252950 method call count for IClientNetworking::AllowP2PPacketRelay : 1
Game 252950 method call count for IClientUserStats::GetAchievementDisplayAttribute : 176
Game 252950 method call count for IClientUserStats::GetAchievementIcon : 88
Game 252950 method call count for IClientUserStats::GetAchievement : 102
Game 252950 method call count for IClientUserStats::StoreStats : 6
Game 252950 method call count for IClientUserStats::SetStat : 6
Game 252950 method call count for IClientUserStats::RequestCurrentStats : 1
Game 252950 method call count for IClientAppManager::GetAppStateInfo : 6
Game 252950 method call count for IClientAppManager::IsAppDlcInstalled : 26
Game 252950 method call count for IClientUtils::RecordSteamInterfaceCreation : 27
Game 252950 method call count for IClientUtils::SetOverlayNotificationPosition : 1
Game 252950 method call count for IClientUtils::GetAppID : 31
Game 252950 method call count for IClientUtils::GetImageRGBA : 26
Game 252950 method call count for IClientUtils::GetImageSize : 26
Game 252950 method call count for IClientUtils::GetIPCountry : 1
Game 252950 method call count for IClientUtils::GetServerRealTime : 1
Game 252950 method call count for IClientFriends::GetFriendPersonaName_Public : 223
Game 252950 method call count for IClientFriends::GetFriendRichPresence : 244
Game 252950 method call count for IClientFriends::SetRichPresence : 26
Game 252950 method call count for IClientFriends::SetPlayedWith : 9
Game 252950 method call count for IClientFriends::RequestUserInformation : 124
Game 252950 method call count for IClientFriends::GetFriendGamePlayed : 244
Game 252950 method call count for IClientFriends::GetFriendByIndex : 117
Game 252950 method call count for IClientFriends::GetFriendCount : 1
Game 252950 method call count for IClientFriends::GetMediumFriendAvatar : 106
Game 252950 method call count for IClientFriends::GetFriendPersonaState : 371
Game 252950 method call count for IClientFriends::GetFriendRelationship : 112
Game 252950 method call count for IClientFriends::GetPersonaName : 3
Game 252950 method call count for IClientUser::BIsSubscribedApp : 1
Game 252950 method call count for IClientUser::CancelAuthTicket : 1
Game 252950 method call count for IClientUser::GetAuthSessionTicket : 1
Game 252950 method call count for IClientUser::GetAppOwnershipTicketExtendedData : 1
Game 252950 method call count for IClientUser::IsVACBanned : 1
Game 252950 method call count for IClientUser::GetSteamID : 10
Game 252950 method call count for IClientUser::BLoggedOn : 4
Uploaded AppInterfaceStats to Steam
sh: 1: xdg-user-dir: not found

(process:352950): GLib-GObject-CRITICAL **: 00:17:33.515: g_object_unref: assertion 'G_IS_OBJECT (object)' failed
sh: 1: xdg-user-dir: not found
sh: 1: xdg-user-dir: not found
sh: 1: xdg-user-dir: not found
sh: 1: xdg-user-dir: not found
sh: 1: xdg-user-dir: not found
sh: 1: xdg-user-dir: not found
sh: 1: xdg-user-dir: not found
reaping pid: 352950 -- gameoverlayui
sh: 1: xdg-user-dir: not found
sh: 1: xdg-user-dir: not found
sh: 1: xdg-user-dir: not found
sh: 1: xdg-user-dir: not found
sh: 1: xdg-user-dir: not found
sh: 1: xdg-user-dir: not found
sh: 1: xdg-user-dir: not found
