writeCommonTags: couldn't write 'track' tag to 'Music/pt/Amor Electro _ Rosa Sangue [Official Video]-PSXNtMqAiqo.m4a' as it's not a positive integer
writeCommonTags: couldn't write 'track' tag to 'Music/pt/Playback-y1yUv_1-f1s.m4a' as it's not a positive integer
writeCommonTags: couldn't write 'track' tag to 'Music/gd/The Hallucination.m4a' as it's not a positive integer
writeCommonTags: couldn't write 'track' tag to 'Music/gd/Xtrullor - Screamroom-ox9X6SjHob8.m4a' as it's not a positive integer
writeCommonTags: couldn't write 'track' tag to 'Music/gd/Dimrain47 - At the Speed of Light-1Zrq8FiKS6A.m4a' as it's not a positive integer
writeCommonTags: couldn't write 'track' tag to 'Music/gd/FantomenK - A Tiny Spaceship's Final Mission-GIN_cpdLyw4.m4a' as it's not a positive integer
writeCommonTags: couldn't write 'track' tag to 'Music/pt/Amor Electro _ Rosa Sangue [Official Video]-PSXNtMqAiqo.m4a' as it's not a positive integer
writeCommonTags: couldn't write 'track' tag to 'Music/pt/Bárbara Tinoco - Sei Lá-vHY8xNRvfT0.m4a' as it's not a positive integer
writeCommonTags: couldn't write 'track' tag to 'Music/pt/Miguel Araújo - Os Maridos Das Outras-D-q3jaELQeo.m4a' as it's not a positive integer
writeCommonTags: couldn't write 'track' tag to 'Music/pt/Cinderela-kAjZeRNe6aY.m4a' as it's not a positive integer
writeCommonTags: couldn't write 'track' tag to 'Music/pt/Encosta-te a mim-cVBPaKGcoBA.m4a' as it's not a positive integer
writeCommonTags: couldn't write 'track' tag to 'Music/pt/Pronúncia do norte-fyRwEqV7xcY.m4a' as it's not a positive integer
writeCommonTags: couldn't write 'track' tag to 'Music/gd/Creo - Carnivores-qZSSJk6OHdA.m4a' as it's not a positive integer
writeCommonTags: couldn't write 'track' tag to 'Music/gd/Creo - In Circles-E8pMGq5VL3Q.m4a' as it's not a positive integer
writeCommonTags: couldn't write 'track' tag to 'Music/gd/Creo - We Can Dream-BhMZzOSrA4I.m4a' as it's not a positive integer
writeCommonTags: couldn't write 'track' tag to 'Music/gd/Dunderpatrullen - Disco Dancing Caravan Camping-GwfiCyJ9EyQ.m4a' as it's not a positive integer
writeCommonTags: couldn't write 'track' tag to 'Music/gd/F-777 - Sonic Blaster (Low Pitched)-7T3b-Dr1eO0.m4a' as it's not a positive integer
writeCommonTags: couldn't write 'track' tag to 'Music/gd/FantomenK - A Tiny Spaceship's Final Mission-GIN_cpdLyw4.m4a' as it's not a positive integer
writeCommonTags: couldn't write 'track' tag to 'Music/gd/Terraria Calamity Mod Music - 'Guardian of The Former Seas' - Theme of Desert Scourge-hPEQLU-aD3I.m4a' as it's not a positive integer
writeCommonTags: couldn't write 'track' tag to 'Music/gd/The Hallucination.m4a' as it's not a positive integer
writeCommonTags: couldn't write 'track' tag to 'Music/gd/Xtrullor - Screamroom-ox9X6SjHob8.m4a' as it's not a positive integer
writeCommonTags: couldn't write 'track' tag to 'Music/japa/[Touhou Vocal] [RD-Sounds] Mad Party～A Magusnificent Plan  (spanish & english subtitles)-SM-489fbyl0.m4a' as it's not a positive integer
writeCommonTags: couldn't write 'track' tag to 'Music/japa/「八月、某、月明かり」Hachigatsu, Bou, Tsukiakari by Yorushika w English CCs-J6eih31MaQ8.m4a' as it's not a positive integer
writeCommonTags: couldn't write 'track' tag to 'Music/trance/Robert Miles - Children [Dream Version]-CC5ca6Hsb2Q.m4a' as it's not a positive integer
writeCommonTags: couldn't write 'track' tag to 'Music/trance/Hans Zimmer - Time ( Cyberdesign Remix )-TsTFVdcpLrE.m4a' as it's not a positive integer
writeCommonTags: couldn't write 'track' tag to 'Music/trance/Infected Mushroom - Becoming Insane-WxhTbxMSvT0.m4a' as it's not a positive integer
writeCommonTags: couldn't write 'track' tag to 'Musica/trance/Infected Mushroom - Milosh-_cJeo91-tno.m4a' as it's not a positive integer
writeCommonTags: couldn't write 'track' tag to 'Musica/trance/Infected Mushroom - Guitarmass-R_uS0aT0bG8.m4a' as it's not a positive integer
writeCommonTags: couldn't write 'track' tag to 'Music/gd/Camellia - Exit This Earth's Atomosphere [Low Pitched]-HGfBswo3eH4.m4a' as it's not a positive integer
writeCommonTags: couldn't write 'track' tag to 'Music/gd/Arkady Ukupnik - I'll Never Marry You (DJ Koko Remix)(Tenth Circle Song)-37QVOF1Tl8I.m4a' as it's not a positive integer
